[35m[Appium][39m Welcome to Appium v1.22.3
[35m[Appium][39m Non-default server args:
[35m[Appium][39m   port: 18843
[35m[Appium][39m   loglevel: info
[35m[Appium][39m   tmpDir: C:\Users\ESLAM~1.LOT\AppData\Local\Temp\\Katalon\Appium\Temp1674007239779
[35m[Appium][39m   chromedriverPort: 18844
[35m[Appium][39m Deprecated server args:
[35m[Appium][39m   [31m--chromedriver-port[39m => --default-capabilities
[35m[Appium][39m Default capabilities, which will be added to each request unless overridden by desired capabilities:
[35m[Appium][39m   chromedriverPort: 18844
[35m[Appium][39m Appium REST http interface listener started on 0.0.0.0:18843
[35m[HTTP][39m [37m-->[39m [37mGET[39m [37m/wd/hub/status[39m
[35m[HTTP][39m [90m{}[39m
[35m[HTTP][39m [37m<-- GET /wd/hub/status [39m[32m200[39m [90m7 ms - 68[39m
[35m[HTTP][39m [90m[39m
[35m[HTTP][39m [37m-->[39m [37mGET[39m [37m/wd/hub/status[39m
[35m[HTTP][39m [90m{}[39m
[35m[HTTP][39m [37m<-- GET /wd/hub/status [39m[32m200[39m [90m3 ms - 68[39m
[35m[HTTP][39m [90m[39m
[35m[HTTP][39m [37m-->[39m [37mPOST[39m [37m/wd/hub/session[39m
[35m[HTTP][39m [90m{"desiredCapabilities":{"appPackage":"com.android.settings","deviceId":"","deviceName":"samsung SM-T225N (Android 11)","platform":"ANDROID","appActivity":".Settings","newCommandTimeout":1800,"platformVersion":"11","automationName":"uiautomator2","autoGrantPermissions":true,"platformName":"Android","udid":"R9PT40T8RPP","systemPort":8242},"capabilities":{"firstMatch":[{"appium:appActivity":".Settings","appium:appPackage":"com.android.settings","appium:autoGrantPermissions":true,"appium:automationName":"uiautomator2","deviceId":"","appium:deviceName":"samsung SM-T225N (Android 11)","appium:newCommandTimeout":1800,"platform":"ANDROID","platformName":"android","appium:platformVersion":"11","appium:systemPort":8242,"appium:udid":"R9PT40T8RPP"}]}}[39m
[35m[BaseDriver][39m The following capabilities are not standard capabilities and should have an extension prefix:
[35m[BaseDriver][39m   deviceId
[35m[BaseDriver][39m   platform
[35m[BaseDriver][39m   chromedriverPort
[35m[Appium][39m Appium v1.22.3 creating new AndroidUiautomator2Driver (v1.70.1) session
[35m[BaseDriver][39m The following capabilities were provided, but are not recognized by Appium:
[35m[BaseDriver][39m   deviceId
[35m[BaseDriver][39m   platform
[35m[BaseDriver][39m Session created with session id: 21a775ed-ddff-4ffa-a542-a6d54478f783
[35m[UiAutomator2][39m Starting 'com.android.settings' directly on the device
[35m[ADB][39m Found 2 'build-tools' folders under 'C:\Users\Eslam.Lotfy\AppData\Local\Android\Sdk' (newest first):
[35m[ADB][39m     C:/Users/Eslam.Lotfy/AppData/Local/Android/Sdk/build-tools/33.0.0
[35m[ADB][39m     C:/Users/Eslam.Lotfy/AppData/Local/Android/Sdk/build-tools/30.0.3
[35m[ADB][39m Using 'adb.exe' from 'C:\Users\Eslam.Lotfy\AppData\Local\Android\Sdk\platform-tools\adb.exe'
[35m[AndroidDriver][39m Retrieving device list
[35m[AndroidDriver][39m Using device: R9PT40T8RPP
[35m[ADB][39m Using 'adb.exe' from 'C:\Users\Eslam.Lotfy\AppData\Local\Android\Sdk\platform-tools\adb.exe'
[35m[ADB][39m Getting device platform version
[35m[UiAutomator2][39m Relaxing hidden api policy
[35m[AndroidDriver][39m No app sent in, not parsing package/activity
[35m[ADB][39m Using 'apksigner.jar' from 'C:\Users\Eslam.Lotfy\AppData\Local\Android\Sdk\build-tools\33.0.0\lib\apksigner.jar'
[35m[ADB][39m 'C:\Users\Eslam.Lotfy\AppData\Roaming\npm\node_modules\appium\node_modules\appium-uiautomator2-server\apks\appium-uiautomator2-server-v4.27.0.apk' is signed with the default certificate
[35m[ADB][39m 'C:\Users\Eslam.Lotfy\AppData\Roaming\npm\node_modules\appium\node_modules\appium-uiautomator2-server\apks\appium-uiautomator2-server-debug-androidTest.apk' is signed with the default certificate
[35m[UiAutomator2][39m Server packages are not going to be (re)installed
[35m[ADB][39m Adding packages ["io.appium.settings","io.appium.uiautomator2.server","io.appium.uiautomator2.server.test"] to Doze whitelist
[35m[UiAutomator2][39m Starting UIAutomator2 server 4.27.0
[35m[UiAutomator2][39m Using UIAutomator2 server from 'C:\Users\Eslam.Lotfy\AppData\Roaming\npm\node_modules\appium\node_modules\appium-uiautomator2-server\apks\appium-uiautomator2-server-v4.27.0.apk' and test from 'C:\Users\Eslam.Lotfy\AppData\Roaming\npm\node_modules\appium\node_modules\appium-uiautomator2-server\apks\appium-uiautomator2-server-debug-androidTest.apk'
[35m[UiAutomator2][39m Waiting up to 30000ms for UiAutomator2 to be online...
[35m[WD Proxy][39m socket hang up
[35m[WD Proxy][39m socket hang up
[35m[WD Proxy][39m socket hang up
[35m[WD Proxy][39m socket hang up
[35m[WD Proxy][39m Determined the downstream protocol as 'W3C'
[35m[AndroidDriver][39m Screen already unlocked, doing nothing
[35m[UiAutomator2][39m Starting 'com.android.settings/.Settings and waiting for 'com.android.settings/.Settings'
[35m[Appium][39m New AndroidUiautomator2Driver session created successfully, session 21a775ed-ddff-4ffa-a542-a6d54478f783 added to master session list
[35m[HTTP][39m [37m<-- POST /wd/hub/session [39m[32m200[39m [90m12937 ms - 1188[39m
[35m[HTTP][39m [90m[39m
[35m[HTTP][39m [37m-->[39m [37mGET[39m [37m/wd/hub/session/21a775ed-ddff-4ffa-a542-a6d54478f783[39m
[35m[HTTP][39m [90m{}[39m
[35m[HTTP][39m [37m<-- GET /wd/hub/session/21a775ed-ddff-4ffa-a542-a6d54478f783 [39m[32m200[39m [90m23 ms - 1142[39m
[35m[HTTP][39m [90m[39m
[35m[HTTP][39m [37m-->[39m [37mGET[39m [37m/wd/hub/session/21a775ed-ddff-4ffa-a542-a6d54478f783[39m
[35m[HTTP][39m [90m{}[39m
[35m[HTTP][39m [37m<-- GET /wd/hub/session/21a775ed-ddff-4ffa-a542-a6d54478f783 [39m[32m200[39m [90m19 ms - 1142[39m
[35m[HTTP][39m [90m[39m
[35m[HTTP][39m [37m-->[39m [37mGET[39m [37m/wd/hub/status[39m
[35m[HTTP][39m [90m{}[39m
[35m[HTTP][39m [37m<-- GET /wd/hub/status [39m[32m200[39m [90m1 ms - 68[39m
[35m[HTTP][39m [90m[39m
[35m[HTTP][39m [37m-->[39m [37mPOST[39m [37m/wd/hub/session/21a775ed-ddff-4ffa-a542-a6d54478f783/timeouts[39m
[35m[HTTP][39m [90m{"implicit":60000}[39m
[35m[HTTP][39m [37m<-- POST /wd/hub/session/21a775ed-ddff-4ffa-a542-a6d54478f783/timeouts [39m[32m200[39m [90m3 ms - 14[39m
[35m[HTTP][39m [90m[39m
[35m[HTTP][39m [37m-->[39m [37mGET[39m [37m/wd/hub/session/21a775ed-ddff-4ffa-a542-a6d54478f783/screenshot[39m
[35m[HTTP][39m [90m{}[39m
[35m[HTTP][39m [37m<-- GET /wd/hub/session/21a775ed-ddff-4ffa-a542-a6d54478f783/screenshot [39m[32m200[39m [90m582 ms - 117272[39m
[35m[HTTP][39m [90m[39m
[35m[HTTP][39m [37m-->[39m [37mGET[39m [37m/wd/hub/session/21a775ed-ddff-4ffa-a542-a6d54478f783/window/rect[39m
[35m[HTTP][39m [90m{}[39m
[35m[HTTP][39m [37m<-- GET /wd/hub/session/21a775ed-ddff-4ffa-a542-a6d54478f783/window/rect [39m[32m200[39m [90m25 ms - 49[39m
[35m[HTTP][39m [90m[39m
[35m[HTTP][39m [37m-->[39m [37mGET[39m [37m/wd/hub/session/21a775ed-ddff-4ffa-a542-a6d54478f783/appium/device/system_bars[39m
[35m[HTTP][39m [90m{}[39m
[35m[HTTP][39m [37m<-- GET /wd/hub/session/21a775ed-ddff-4ffa-a542-a6d54478f783/appium/device/system_bars [39m[32m200[39m [90m146 ms - 145[39m
[35m[HTTP][39m [90m[39m
[35m[HTTP][39m [37m-->[39m [37mPOST[39m [37m/wd/hub/session/21a775ed-ddff-4ffa-a542-a6d54478f783/appium/device/activate_app[39m
[35m[HTTP][39m [90m{"bundleId":"io.gatherhealth.ghp"}[39m
[35m[HTTP][39m [37m<-- POST /wd/hub/session/21a775ed-ddff-4ffa-a542-a6d54478f783/appium/device/activate_app [39m[32m200[39m [90m781 ms - 14[39m
[35m[HTTP][39m [90m[39m
[35m[HTTP][39m [37m-->[39m [37mGET[39m [37m/wd/hub/session/21a775ed-ddff-4ffa-a542-a6d54478f783/source[39m
[35m[HTTP][39m [90m{}[39m
[35m[W3C (21a775ed)][39m Driver proxy active, passing request on via HTTP proxy
[35m[WD Proxy][39m Replacing sessionId 4c0ebcbe-5cea-4fc6-85f8-e965717aecf2 with 21a775ed-ddff-4ffa-a542-a6d54478f783
[35m[HTTP][39m [37m<-- GET /wd/hub/session/21a775ed-ddff-4ffa-a542-a6d54478f783/source [39m[32m200[39m [90m2463 ms - 101304[39m
[35m[HTTP][39m [90m[39m
[35m[HTTP][39m [37m-->[39m [37mGET[39m [37m/wd/hub/session/21a775ed-ddff-4ffa-a542-a6d54478f783/screenshot[39m
[35m[HTTP][39m [90m{}[39m
[35m[HTTP][39m [37m<-- GET /wd/hub/session/21a775ed-ddff-4ffa-a542-a6d54478f783/screenshot [39m[32m200[39m [90m551 ms - 228640[39m
[35m[HTTP][39m [90m[39m
[35m[HTTP][39m [37m-->[39m [37mGET[39m [37m/wd/hub/session/21a775ed-ddff-4ffa-a542-a6d54478f783/source[39m
[35m[HTTP][39m [90m{}[39m
[35m[W3C (21a775ed)][39m Driver proxy active, passing request on via HTTP proxy
[35m[WD Proxy][39m Replacing sessionId 4c0ebcbe-5cea-4fc6-85f8-e965717aecf2 with 21a775ed-ddff-4ffa-a542-a6d54478f783
[35m[HTTP][39m [37m<-- GET /wd/hub/session/21a775ed-ddff-4ffa-a542-a6d54478f783/source [39m[32m200[39m [90m73 ms - 2701[39m
[35m[HTTP][39m [90m[39m
[35m[HTTP][39m [37m-->[39m [37mGET[39m [37m/wd/hub/session/21a775ed-ddff-4ffa-a542-a6d54478f783/screenshot[39m
[35m[HTTP][39m [90m{}[39m
[35m[HTTP][39m [37m<-- GET /wd/hub/session/21a775ed-ddff-4ffa-a542-a6d54478f783/screenshot [39m[32m200[39m [90m559 ms - 11302[39m
[35m[HTTP][39m [90m[39m
[35m[HTTP][39m [37m-->[39m [37mGET[39m [37m/wd/hub/session/21a775ed-ddff-4ffa-a542-a6d54478f783/source[39m
[35m[HTTP][39m [90m{}[39m
[35m[W3C (21a775ed)][39m Driver proxy active, passing request on via HTTP proxy
[35m[WD Proxy][39m Replacing sessionId 4c0ebcbe-5cea-4fc6-85f8-e965717aecf2 with 21a775ed-ddff-4ffa-a542-a6d54478f783
[35m[HTTP][39m [37m<-- GET /wd/hub/session/21a775ed-ddff-4ffa-a542-a6d54478f783/source [39m[32m200[39m [90m172 ms - 17399[39m
[35m[HTTP][39m [90m[39m
[35m[HTTP][39m [37m-->[39m [37mGET[39m [37m/wd/hub/session/21a775ed-ddff-4ffa-a542-a6d54478f783/screenshot[39m
[35m[HTTP][39m [90m{}[39m
[35m[HTTP][39m [37m<-- GET /wd/hub/session/21a775ed-ddff-4ffa-a542-a6d54478f783/screenshot [39m[32m200[39m [90m723 ms - 221698[39m
[35m[HTTP][39m [90m[39m
[35m[HTTP][39m [37m-->[39m [37mPOST[39m [37m/wd/hub/session/21a775ed-ddff-4ffa-a542-a6d54478f783/elements[39m
[35m[HTTP][39m [90m{"using":"xpath","value":"//*[@class = 'android.widget.TextView' and (@text = 'Guest' or . = 'Guest')]"}[39m
[35m[HTTP][39m [37m<-- POST /wd/hub/session/21a775ed-ddff-4ffa-a542-a6d54478f783/elements [39m[32m200[39m [90m1559 ms - 139[39m
[35m[HTTP][39m [90m[39m
[35m[HTTP][39m [37m-->[39m [37mPOST[39m [37m/wd/hub/session/21a775ed-ddff-4ffa-a542-a6d54478f783/elements[39m
[35m[HTTP][39m [90m{"using":"xpath","value":"//*[@class = 'android.widget.TextView' and (@text = 'Guest' or . = 'Guest')]"}[39m
[35m[HTTP][39m [37m<-- POST /wd/hub/session/21a775ed-ddff-4ffa-a542-a6d54478f783/elements [39m[32m200[39m [90m744 ms - 139[39m
[35m[HTTP][39m [90m[39m
[35m[HTTP][39m [37m-->[39m [37mGET[39m [37m/wd/hub/session/21a775ed-ddff-4ffa-a542-a6d54478f783/window/rect[39m
[35m[HTTP][39m [90m{}[39m
[35m[HTTP][39m [37m<-- GET /wd/hub/session/21a775ed-ddff-4ffa-a542-a6d54478f783/window/rect [39m[32m200[39m [90m24 ms - 49[39m
[35m[HTTP][39m [90m[39m
[35m[HTTP][39m [37m-->[39m [37mPOST[39m [37m/wd/hub/session/21a775ed-ddff-4ffa-a542-a6d54478f783/elements[39m
[35m[HTTP][39m [90m{"using":"xpath","value":"//*[@class = 'android.widget.TextView' and (@text = 'Guest' or . = 'Guest')]"}[39m
[35m[HTTP][39m [37m<-- POST /wd/hub/session/21a775ed-ddff-4ffa-a542-a6d54478f783/elements [39m[32m200[39m [90m671 ms - 139[39m
[35m[HTTP][39m [90m[39m
[35m[HTTP][39m [37m-->[39m [37mGET[39m [37m/wd/hub/session/21a775ed-ddff-4ffa-a542-a6d54478f783/element/00000000-0000-0247-0000-3e3e00000007/location[39m
[35m[HTTP][39m [90m{}[39m
[35m[W3C (21a775ed)][39m Driver proxy active, passing request on via HTTP proxy
[35m[WD Proxy][39m Replacing sessionId 4c0ebcbe-5cea-4fc6-85f8-e965717aecf2 with 21a775ed-ddff-4ffa-a542-a6d54478f783
[35m[HTTP][39m [37m<-- GET /wd/hub/session/21a775ed-ddff-4ffa-a542-a6d54478f783/element/00000000-0000-0247-0000-3e3e00000007/location [39m[32m200[39m [90m43 ms - 78[39m
[35m[HTTP][39m [90m[39m
[35m[HTTP][39m [37m-->[39m [37mPOST[39m [37m/wd/hub/session/21a775ed-ddff-4ffa-a542-a6d54478f783/element/00000000-0000-0247-0000-3e3e00000007/click[39m
[35m[HTTP][39m [90m{"id":"00000000-0000-0247-0000-3e3e00000007"}[39m
[35m[HTTP][39m [37m<-- POST /wd/hub/session/21a775ed-ddff-4ffa-a542-a6d54478f783/element/00000000-0000-0247-0000-3e3e00000007/click [39m[32m200[39m [90m89 ms - 14[39m
[35m[HTTP][39m [90m[39m
[35m[HTTP][39m [37m-->[39m [37mGET[39m [37m/wd/hub/session/21a775ed-ddff-4ffa-a542-a6d54478f783/source[39m
[35m[HTTP][39m [90m{}[39m
[35m[W3C (21a775ed)][39m Driver proxy active, passing request on via HTTP proxy
[35m[WD Proxy][39m Replacing sessionId 4c0ebcbe-5cea-4fc6-85f8-e965717aecf2 with 21a775ed-ddff-4ffa-a542-a6d54478f783
[35m[HTTP][39m [37m<-- GET /wd/hub/session/21a775ed-ddff-4ffa-a542-a6d54478f783/source [39m[32m200[39m [90m690 ms - 91297[39m
[35m[HTTP][39m [90m[39m
[35m[HTTP][39m [37m-->[39m [37mGET[39m [37m/wd/hub/session/21a775ed-ddff-4ffa-a542-a6d54478f783/screenshot[39m
[35m[HTTP][39m [90m{}[39m
[35m[HTTP][39m [37m<-- GET /wd/hub/session/21a775ed-ddff-4ffa-a542-a6d54478f783/screenshot [39m[32m200[39m [90m575 ms - 222240[39m
[35m[HTTP][39m [90m[39m
[35m[HTTP][39m [37m-->[39m [37mDELETE[39m [37m/wd/hub/session/21a775ed-ddff-4ffa-a542-a6d54478f783[39m
[35m[HTTP][39m [90m{}[39m
[35m[Appium][39m Removing session 21a775ed-ddff-4ffa-a542-a6d54478f783 from our master session list
[35m[UiAutomator2][39m Restoring hidden api policy to the device default configuration
[35m[HTTP][39m [37m<-- DELETE /wd/hub/session/21a775ed-ddff-4ffa-a542-a6d54478f783 [39m[32m200[39m [90m471 ms - 14[39m
[35m[HTTP][39m [90m[39m
